<?xml version="1.0" encoding="UTF-8" ?>
<testsuite failures="0" time="2.567" errors="0" skipped="0" tests="9" name="com.tacitknowledge.jcr.mocking.JcrMockServiceTest">
  <properties>
[...]
</properties>
  <testcase time="1.38" classname="com.tacitknowledge.jcr.mocking.JcrMockServiceTest" name="testJcrNodeServiceWithParentNode"/>
  <testcase time="0.357" classname="com.tacitknowledge.jcr.mocking.JcrMockServiceTest" name="shouldAddItemTypeInformationToNodeStructure"/>
  <testcase time="0.162" classname="com.tacitknowledge.jcr.mocking.JcrMockServiceTest" name="shouldCreateFullJsonStructureFromFile"/>
  <testcase time="0.13" classname="com.tacitknowledge.jcr.mocking.JcrMockServiceTest" name="testDeepHierarchies"/>
  <testcase time="0.135" classname="com.tacitknowledge.jcr.mocking.JcrMockServiceTest" name="shouldReturnWorkingNodeIterator"/>
  <testcase time="0.092" classname="com.tacitknowledge.jcr.mocking.JcrMockServiceTest" name="iteratorShouldWorkWithNodesWithoutChildren"/>
  <testcase time="0.106" classname="com.tacitknowledge.jcr.mocking.JcrMockServiceTest" name="shouldSetBinaryValue"/>
  <testcase time="0.088" classname="com.tacitknowledge.jcr.mocking.JcrMockServiceTest" name="shouldCreateNodeStructureWithoutPassingAParentNode"/>
  <testcase time="0.111" classname="com.tacitknowledge.jcr.mocking.JcrMockServiceTest" name="shouldHandleReferences"/>
</testsuite>